This is pdfTeX, Version 3.14159265-2.6-1.40.20 (TeX Live 2019/Debian) (preloaded format=pdflatex 2022.4.18)  18 APR 2022 22:07
entering extended mode
 restricted \write18 enabled.
 file:line:error style messages enabled.
 %&-line parsing enabled.
**/home/cambou/unsw/thesis/unsw-honours-thesis/provided/unswthesis-2.0/sample-thesis.tex
(/home/cambou/unsw/thesis/unsw-honours-thesis/provided/unswthesis-2.0/sample-thesis.tex
LaTeX2e <2020-02-02> patch level 2
L3 programming layer <2020-02-14> (/home/cambou/unsw/thesis/unsw-honours-thesis/provided/unswthesis-2.0/unswthesis.cls
Document Class: unswthesis 2015/04/30 v2.0.1 Faculty of Engineering, University of NSW Thesis Class
(/usr/share/texlive/texmf-dist/tex/latex/fancyhdr/fancyhdr.sty
Package: fancyhdr 2019/01/31 v3.10 Extensive control of page headers and footers
\f@nch@headwidth=\skip47
\f@nch@O@elh=\skip48
\f@nch@O@erh=\skip49
\f@nch@O@olh=\skip50
\f@nch@O@orh=\skip51
\f@nch@O@elf=\skip52
\f@nch@O@erf=\skip53
\f@nch@O@olf=\skip54
\f@nch@O@orf=\skip55
) (/usr/share/texlive/texmf-dist/tex/latex/graphics/graphics.sty
Package: graphics 2019/11/30 v1.4a Standard LaTeX Graphics (DPC,SPQR)
 (/usr/share/texlive/texmf-dist/tex/latex/graphics/trig.sty
Package: trig 2016/01/03 v1.10 sin cos tan (DPC)
) (/usr/share/texlive/texmf-dist/tex/latex/graphics-cfg/graphics.cfg
File: graphics.cfg 2016/06/04 v1.11 sample graphics configuration
)
Package graphics Info: Driver file: pdftex.def on input line 105.
 (/usr/share/texlive/texmf-dist/tex/latex/graphics-def/pdftex.def
File: pdftex.def 2018/01/08 v1.0l Graphics/color driver for pdftex
)) (/usr/share/texlive/texmf-dist/tex/latex/units/units.sty
Package: units 1998/08/04 v0.9b Typesetting units
 (/usr/share/texlive/texmf-dist/tex/latex/base/ifthen.sty
Package: ifthen 2014/09/29 v1.1c Standard LaTeX ifthen package (DPC)
) (/usr/share/texlive/texmf-dist/tex/latex/units/nicefrac.sty
Package: nicefrac 1998/08/04 v0.9b Nice fractions
\L@UnitsRaiseDisplaystyle=\skip56
\L@UnitsRaiseTextstyle=\skip57
\L@UnitsRaiseScriptstyle=\skip58
)) (/usr/share/texlive/texmf-dist/tex/latex/base/book.cls
Document Class: book 2019/12/20 v1.4l Standard LaTeX document class
(/usr/share/texlive/texmf-dist/tex/latex/base/bk11.clo
File: bk11.clo 2019/12/20 v1.4l Standard LaTeX file (size option)
)
\c@part=\count167
\c@chapter=\count168
\c@section=\count169
\c@subsection=\count170
\c@subsubsection=\count171
\c@paragraph=\count172
\c@subparagraph=\count173
\c@figure=\count174
\c@table=\count175
\abovecaptionskip=\skip59
\belowcaptionskip=\skip60
\bibindent=\dimen134
) (/usr/share/texlive/texmf-dist/tex/latex/sauerj/collect.sty
Package: collect 2004/09/12 v0.9 collect the contents of an environment
\CE@tmp@out=\write3
)
\CE@@@bstract@out=\write4
 (/usr/share/texlive/texmf-dist/tex/latex/geometry/geometry.sty
Package: geometry 2020/01/02 v5.9 Page Geometry
 (/usr/share/texlive/texmf-dist/tex/latex/graphics/keyval.sty
Package: keyval 2014/10/28 v1.15 key=value parser (DPC)
\KV@toks@=\toks14
) (/usr/share/texlive/texmf-dist/tex/generic/iftex/ifvtex.sty
Package: ifvtex 2019/10/25 v1.7 ifvtex legacy package. Use iftex instead.
 (/usr/share/texlive/texmf-dist/tex/generic/iftex/iftex.sty
Package: iftex 2019/11/07 v1.0c TeX engine tests
))
\Gm@cnth=\count176
\Gm@cntv=\count177
\c@Gm@tempcnt=\count178
\Gm@bindingoffset=\dimen135
\Gm@wd@mp=\dimen136
\Gm@odd@mp=\dimen137
\Gm@even@mp=\dimen138
\Gm@layoutwidth=\dimen139
\Gm@layoutheight=\dimen140
\Gm@layouthoffset=\dimen141
\Gm@layoutvoffset=\dimen142
\Gm@dimlist=\toks15
)
\botmargin=\skip61
)
\@input{definitions.aux}
\openout2 = `definitions.aux'.

(/home/cambou/unsw/thesis/unsw-honours-thesis/provided/unswthesis-2.0/definitions.tex) (/usr/share/texlive/texmf-dist/tex/latex/l3backend/l3backend-pdfmode.def
File: l3backend-pdfmode.def 2020-02-03 L3 backend support: PDF mode
\l__kernel_color_stack_int=\count179
\l__pdf_internal_box=\box45
) (/home/cambou/unsw/thesis/unsw-honours-thesis/provided/unswthesis-2.0/sample-thesis.aux (/home/cambou/unsw/thesis/unsw-honours-thesis/provided/unswthesis-2.0/abstract.aux) (/home/cambou/unsw/thesis/unsw-honours-thesis/provided/unswthesis-2.0/acknowledgements.aux) (/home/cambou/unsw/thesis/unsw-honours-thesis/provided/unswthesis-2.0/abbreviations.aux) (/home/cambou/unsw/thesis/unsw-honours-thesis/provided/unswthesis-2.0/introduction.aux) (/home/cambou/unsw/thesis/unsw-honours-thesis/provided/unswthesis-2.0/background.aux) (/home/cambou/unsw/thesis/unsw-honours-thesis/provided/unswthesis-2.0/mywork.aux) (/home/cambou/unsw/thesis/unsw-honours-thesis/provided/unswthesis-2.0/evaluation.aux) (/home/cambou/unsw/thesis/unsw-honours-thesis/provided/unswthesis-2.0/conclusion.aux) (/home/cambou/unsw/thesis/unsw-honours-thesis/provided/unswthesis-2.0/appendix1.aux) (/home/cambou/unsw/thesis/unsw-honours-thesis/provided/unswthesis-2.0/appendix2.aux))
\openout1 = `sample-thesis.aux'.

LaTeX Font Info:    Checking defaults for OML/cmm/m/it on input line 35.
LaTeX Font Info:    ... okay on input line 35.
LaTeX Font Info:    Checking defaults for OMS/cmsy/m/n on input line 35.
LaTeX Font Info:    ... okay on input line 35.
LaTeX Font Info:    Checking defaults for OT1/cmr/m/n on input line 35.
LaTeX Font Info:    ... okay on input line 35.
LaTeX Font Info:    Checking defaults for T1/cmr/m/n on input line 35.
LaTeX Font Info:    ... okay on input line 35.
LaTeX Font Info:    Checking defaults for TS1/cmr/m/n on input line 35.
LaTeX Font Info:    ... okay on input line 35.
LaTeX Font Info:    Checking defaults for OMX/cmex/m/n on input line 35.
LaTeX Font Info:    ... okay on input line 35.
LaTeX Font Info:    Checking defaults for U/cmr/m/n on input line 35.
LaTeX Font Info:    ... okay on input line 35.
 (/usr/share/texlive/texmf-dist/tex/context/base/mkii/supp-pdf.mkii
[Loading MPS to PDF converter (version 2006.09.02).]
\scratchcounter=\count180
\scratchdimen=\dimen143
\scratchbox=\box46
\nofMPsegments=\count181
\nofMParguments=\count182
\everyMPshowfont=\toks16
\MPscratchCnt=\count183
\MPscratchDim=\dimen144
\MPnumerator=\count184
\makeMPintoPDFobject=\count185
\everyMPtoPDFconversion=\toks17
) (/usr/share/texlive/texmf-dist/tex/latex/epstopdf-pkg/epstopdf-base.sty
Package: epstopdf-base 2020-01-24 v2.11 Base part for package epstopdf
Package epstopdf-base Info: Redefining graphics rule for `.eps' on input line 485.
 (/usr/share/texlive/texmf-dist/tex/latex/latexconfig/epstopdf-sys.cfg
File: epstopdf-sys.cfg 2010/07/13 v1.3 Configuration of (r)epstopdf for TeX Live
))
*geometry* driver: auto-detecting
*geometry* detected driver: pdftex
*geometry* verbose mode - [ preamble ] result:
* driver: pdftex
* paper: <default>
* layout: <same size as paper>
* layoutoffset:(h,v)=(0.0pt,0.0pt)
* modes: twoside 
* h-part:(L,W,R)=(71.70166pt, 418.25368pt, 107.55254pt)
* v-part:(T,H,B)=(101.40665pt, 591.5302pt, 152.11pt)
* \paperwidth=597.50787pt
* \paperheight=845.04684pt
* \textwidth=412.56497pt
* \textheight=629.33034pt
* \oddsidemargin=41.54103pt
* \evensidemargin=-1.1381pt
* \topmargin=-1.1381pt
* \headheight=25.0pt
* \headsep=20.0pt
* \topskip=11.0pt
* \footskip=42.67912pt
* \marginparwidth=71.13188pt
* \marginparsep=7.0pt
* \columnsep=10.0pt
* \skip\footins=10.0pt plus 4.0pt minus 2.0pt
* \hoffset=0.0pt
* \voffset=0.0pt
* \mag=1000
* \@twocolumnfalse
* \@twosidetrue
* \@mparswitchtrue
* \@reversemarginfalse
* (1in=72.27pt=25.4mm, 1cm=28.453pt)

\@tmpb@x=\box47
\@titlewidth=\dimen145
LaTeX Font Info:    Trying to load font information for OT1+phv on input line 39.
(/usr/share/texlive/texmf-dist/tex/latex/psnfss/ot1phv.fd
File: ot1phv.fd 2001/06/04 scalable font definitions for OT1/phv.
)
<crest.pdf, id=1, 147.27522pt x 154.20912pt>
File: crest.pdf Graphic file (type pdf)
<use crest.pdf>
Package pdftex.def Info: crest.pdf  used on input line 39.
(pdftex.def)             Requested size: 147.27486pt x 154.20872pt.
LaTeX Font Info:    Calculating math sizes for size <14> on input line 39.
LaTeX Font Info:    External font `cmex10' loaded for size
(Font)              <14> on input line 39.
LaTeX Font Info:    External font `cmex10' loaded for size
(Font)              <9.79996> on input line 39.
LaTeX Font Info:    External font `cmex10' loaded for size
(Font)              <7> on input line 39.
 [1





{/var/lib/texmf/fonts/map/pdftex/updmap/pdftex.map} </home/cambou/unsw/thesis/unsw-honours-thesis/provided/unswthesis-2.0/crest.pdf>]
\openout2 = `abstract.aux'.

 (/home/cambou/unsw/thesis/unsw-honours-thesis/provided/unswthesis-2.0/abstract.tex
LaTeX Font Info:    External font `cmex10' loaded for size
(Font)              <10.95> on input line 5.
LaTeX Font Info:    External font `cmex10' loaded for size
(Font)              <8> on input line 5.
LaTeX Font Info:    External font `cmex10' loaded for size
(Font)              <6> on input line 5.
) [2


]
\openout2 = `acknowledgements.aux'.

 (/home/cambou/unsw/thesis/unsw-honours-thesis/provided/unswthesis-2.0/acknowledgements.tex) [3



]
\openout2 = `abbreviations.aux'.

 (/home/cambou/unsw/thesis/unsw-honours-thesis/provided/unswthesis-2.0/abbreviations.tex) [4



] (/home/cambou/unsw/thesis/unsw-honours-thesis/provided/unswthesis-2.0/sample-thesis.toc [5


])
\tf@toc=\write5
\openout5 = `sample-thesis.toc'.

 [6] (/home/cambou/unsw/thesis/unsw-honours-thesis/provided/unswthesis-2.0/sample-thesis.lof)
\tf@lof=\write6
\openout6 = `sample-thesis.lof'.

 [7

] (/home/cambou/unsw/thesis/unsw-honours-thesis/provided/unswthesis-2.0/sample-thesis.lot)
\tf@lot=\write7
\openout7 = `sample-thesis.lot'.

 [8

]
\openout2 = `introduction.aux'.

 (/home/cambou/unsw/thesis/unsw-honours-thesis/provided/unswthesis-2.0/introduction.tex
Chapter 1.
) [1




]
\openout2 = `background.aux'.

 (/home/cambou/unsw/thesis/unsw-honours-thesis/provided/unswthesis-2.0/background.tex
Chapter 2.
) [2



]
\openout2 = `mywork.aux'.

 (/home/cambou/unsw/thesis/unsw-honours-thesis/provided/unswthesis-2.0/mywork.tex
Chapter 3.
[3



] [4] [5]
Chapter 4.
[6

]) [7]
\openout2 = `evaluation.aux'.

 (/home/cambou/unsw/thesis/unsw-honours-thesis/provided/unswthesis-2.0/evaluation.tex
Chapter 5.
) [8



]
\openout2 = `conclusion.aux'.

 (/home/cambou/unsw/thesis/unsw-honours-thesis/provided/unswthesis-2.0/conclusion.tex
Chapter 6.
) [9



] (/home/cambou/unsw/thesis/unsw-honours-thesis/provided/unswthesis-2.0/sample-thesis.bbl
Underfull \hbox (badness 2393) in paragraph at lines 30--37
\OT1/cmr/m/n/10.95 and notes for stu-dents.  http:// scoff.ee.unsw.edu.au/ doc-u-ment/ the-sis/
 []

) [10



]
\openout2 = `appendix1.aux'.

 (/home/cambou/unsw/thesis/unsw-honours-thesis/provided/unswthesis-2.0/appendix1.tex
Overfull \hbox (2.16803pt too wide) in paragraph at lines 10--23
[] [] 
 []


Underfull \vbox (badness 5637) has occurred while \output is active []

 [11


] [12] [13]) [14]
\openout2 = `appendix2.aux'.

 (/home/cambou/unsw/thesis/unsw-honours-thesis/provided/unswthesis-2.0/appendix2.tex [15



]) [16] (/home/cambou/unsw/thesis/unsw-honours-thesis/provided/unswthesis-2.0/sample-thesis.aux (/home/cambou/unsw/thesis/unsw-honours-thesis/provided/unswthesis-2.0/abstract.aux) (/home/cambou/unsw/thesis/unsw-honours-thesis/provided/unswthesis-2.0/acknowledgements.aux) (/home/cambou/unsw/thesis/unsw-honours-thesis/provided/unswthesis-2.0/abbreviations.aux) (/home/cambou/unsw/thesis/unsw-honours-thesis/provided/unswthesis-2.0/introduction.aux) (/home/cambou/unsw/thesis/unsw-honours-thesis/provided/unswthesis-2.0/background.aux) (/home/cambou/unsw/thesis/unsw-honours-thesis/provided/unswthesis-2.0/mywork.aux) (/home/cambou/unsw/thesis/unsw-honours-thesis/provided/unswthesis-2.0/evaluation.aux) (/home/cambou/unsw/thesis/unsw-honours-thesis/provided/unswthesis-2.0/conclusion.aux) (/home/cambou/unsw/thesis/unsw-honours-thesis/provided/unswthesis-2.0/appendix1.aux) (/home/cambou/unsw/thesis/unsw-honours-thesis/provided/unswthesis-2.0/appendix2.aux)) ) 
Here is how much of TeX's memory you used:
 2225 strings out of 481239
 37067 string characters out of 5920377
 279418 words of memory out of 5000000
 17401 multiletter control sequences out of 15000+600000
 546372 words of font info for 56 fonts, out of 8000000 for 9000
 1141 hyphenation exceptions out of 8191
 38i,13n,49p,619b,326s stack positions out of 5000i,500n,10000p,200000b,80000s
{/usr/share/texmf/fonts/enc/dvips/cm-super/cm-super-ts1.enc}{/usr/share/texlive/texmf-dist/fonts/enc/dvips/base/8r.enc}</usr/share/texlive/texmf-dist/fonts/type1/public/amsfonts/cm/cmbx10.pfb></usr/share/texlive/texmf-dist/fonts/type1/public/amsfonts/cm/cmbx12.pfb></usr/share/texlive/texmf-dist/fonts/type1/public/amsfonts/cm/cmbx8.pfb></usr/share/texlive/texmf-dist/fonts/type1/public/amsfonts/cm/cmmi10.pfb></usr/share/texlive/texmf-dist/fonts/type1/public/amsfonts/cm/cmr10.pfb></usr/share/texlive/texmf-dist/fonts/type1/public/amsfonts/cm/cmr8.pfb></usr/share/texlive/texmf-dist/fonts/type1/public/amsfonts/cm/cmti10.pfb></usr/share/texlive/texmf-dist/fonts/type1/public/amsfonts/cm/cmtt10.pfb></usr/share/texmf/fonts/type1/public/cm-super/sfrm1095.pfb></usr/share/texlive/texmf-dist/fonts/type1/urw/helvetic/uhvb8a.pfb></usr/share/texlive/texmf-dist/fonts/type1/urw/helvetic/uhvr8a.pfb>
Output written on /home/cambou/unsw/thesis/unsw-honours-thesis/provided/unswthesis-2.0/sample-thesis.pdf (24 pages, 314515 bytes).
PDF statistics:
 168 PDF objects out of 1000 (max. 8388607)
 120 compressed objects within 2 object streams
 0 named destinations out of 1000 (max. 500000)
 6 words of extra memory for PDF output out of 10000 (max. 10000000)

