This is pdfTeX, Version 3.14159265-2.6-1.40.20 (TeX Live 2019/Debian) (preloaded format=pdflatex 2022.4.18)  27 APR 2022 21:51
entering extended mode
 \write18 enabled.
 file:line:error style messages enabled.
 %&-line parsing enabled.
**/home/cambou/unsw/thesis/unsw-honours-thesis/thesis-a/report/report-a.tex
(/home/cambou/unsw/thesis/unsw-honours-thesis/thesis-a/report/report-a.tex
LaTeX2e <2020-02-02> patch level 2
L3 programming layer <2020-02-14> (/home/cambou/unsw/thesis/unsw-honours-thesis/thesis-a/report/unswthesis.cls
Document Class: unswthesis 2015/04/30 v2.0.1 Faculty of Engineering, University of NSW Thesis Class
(/usr/share/texlive/texmf-dist/tex/latex/fancyhdr/fancyhdr.sty
Package: fancyhdr 2019/01/31 v3.10 Extensive control of page headers and footers
\f@nch@headwidth=\skip47
\f@nch@O@elh=\skip48
\f@nch@O@erh=\skip49
\f@nch@O@olh=\skip50
\f@nch@O@orh=\skip51
\f@nch@O@elf=\skip52
\f@nch@O@erf=\skip53
\f@nch@O@olf=\skip54
\f@nch@O@orf=\skip55
) (/usr/share/texlive/texmf-dist/tex/latex/graphics/graphicx.sty
Package: graphicx 2019/11/30 v1.2a Enhanced LaTeX Graphics (DPC,SPQR)
 (/usr/share/texlive/texmf-dist/tex/latex/graphics/keyval.sty
Package: keyval 2014/10/28 v1.15 key=value parser (DPC)
\KV@toks@=\toks14
) (/usr/share/texlive/texmf-dist/tex/latex/graphics/graphics.sty
Package: graphics 2019/11/30 v1.4a Standard LaTeX Graphics (DPC,SPQR)
 (/usr/share/texlive/texmf-dist/tex/latex/graphics/trig.sty
Package: trig 2016/01/03 v1.10 sin cos tan (DPC)
) (/usr/share/texlive/texmf-dist/tex/latex/graphics-cfg/graphics.cfg
File: graphics.cfg 2016/06/04 v1.11 sample graphics configuration
)
Package graphics Info: Driver file: pdftex.def on input line 105.
 (/usr/share/texlive/texmf-dist/tex/latex/graphics-def/pdftex.def
File: pdftex.def 2018/01/08 v1.0l Graphics/color driver for pdftex
))
\Gin@req@height=\dimen134
\Gin@req@width=\dimen135
) (/usr/share/texlive/texmf-dist/tex/latex/units/units.sty
Package: units 1998/08/04 v0.9b Typesetting units
 (/usr/share/texlive/texmf-dist/tex/latex/base/ifthen.sty
Package: ifthen 2014/09/29 v1.1c Standard LaTeX ifthen package (DPC)
) (/usr/share/texlive/texmf-dist/tex/latex/units/nicefrac.sty
Package: nicefrac 1998/08/04 v0.9b Nice fractions
\L@UnitsRaiseDisplaystyle=\skip56
\L@UnitsRaiseTextstyle=\skip57
\L@UnitsRaiseScriptstyle=\skip58
)) (/usr/share/texlive/texmf-dist/tex/latex/base/book.cls
Document Class: book 2019/12/20 v1.4l Standard LaTeX document class
(/usr/share/texlive/texmf-dist/tex/latex/base/bk11.clo
File: bk11.clo 2019/12/20 v1.4l Standard LaTeX file (size option)
)
\c@part=\count167
\c@chapter=\count168
\c@section=\count169
\c@subsection=\count170
\c@subsubsection=\count171
\c@paragraph=\count172
\c@subparagraph=\count173
\c@figure=\count174
\c@table=\count175
\abovecaptionskip=\skip59
\belowcaptionskip=\skip60
\bibindent=\dimen136
) (/usr/share/texlive/texmf-dist/tex/latex/sauerj/collect.sty
Package: collect 2004/09/12 v0.9 collect the contents of an environment
\CE@tmp@out=\write3
)
\CE@@@bstract@out=\write4
 (/usr/share/texlive/texmf-dist/tex/latex/geometry/geometry.sty
Package: geometry 2020/01/02 v5.9 Page Geometry
 (/usr/share/texlive/texmf-dist/tex/generic/iftex/ifvtex.sty
Package: ifvtex 2019/10/25 v1.7 ifvtex legacy package. Use iftex instead.
 (/usr/share/texlive/texmf-dist/tex/generic/iftex/iftex.sty
Package: iftex 2019/11/07 v1.0c TeX engine tests
))
\Gm@cnth=\count176
\Gm@cntv=\count177
\c@Gm@tempcnt=\count178
\Gm@bindingoffset=\dimen137
\Gm@wd@mp=\dimen138
\Gm@odd@mp=\dimen139
\Gm@even@mp=\dimen140
\Gm@layoutwidth=\dimen141
\Gm@layoutheight=\dimen142
\Gm@layouthoffset=\dimen143
\Gm@layoutvoffset=\dimen144
\Gm@dimlist=\toks15
)
\botmargin=\skip61
) (/usr/share/texlive/texmf-dist/tex/latex/minted/minted.sty
Package: minted 2017/07/19 v2.5 Yet another Pygments shim for LaTeX
 (/usr/share/texlive/texmf-dist/tex/latex/kvoptions/kvoptions.sty
Package: kvoptions 2019/11/29 v3.13 Key value format for package options (HO)
 (/usr/share/texlive/texmf-dist/tex/generic/ltxcmds/ltxcmds.sty
Package: ltxcmds 2019/12/15 v1.24 LaTeX kernel commands for general use (HO)
) (/usr/share/texlive/texmf-dist/tex/generic/kvsetkeys/kvsetkeys.sty
Package: kvsetkeys 2019/12/15 v1.18 Key value parser (HO)
)) (/usr/share/texlive/texmf-dist/tex/latex/fvextra/fvextra.sty
Package: fvextra 2019/02/04 v1.4 fvextra - extensions and patches for fancyvrb
 (/usr/share/texlive/texmf-dist/tex/latex/etoolbox/etoolbox.sty
Package: etoolbox 2019/09/21 v2.5h e-TeX tools for LaTeX (JAW)
\etb@tempcnta=\count179
) (/usr/share/texlive/texmf-dist/tex/latex/fancyvrb/fancyvrb.sty
Package: fancyvrb 2020/01/13 v3.5 verbatim text (tvz,hv)
\FV@CodeLineNo=\count180
\FV@InFile=\read2
\FV@TabBox=\box45
\c@FancyVerbLine=\count181
\FV@StepNumber=\count182
\FV@OutFile=\write5
) (/usr/share/texlive/texmf-dist/tex/latex/upquote/upquote.sty
Package: upquote 2012/04/19 v1.3 upright-quote and grave-accent glyphs in verbatim
) (/usr/share/texlive/texmf-dist/tex/latex/lineno/lineno.sty
Package: lineno 2005/11/02 line numbers on paragraphs v4.41
\linenopenalty=\count183
\output=\toks16
\linenoprevgraf=\count184
\linenumbersep=\dimen145
\linenumberwidth=\dimen146
\c@linenumber=\count185
\c@pagewiselinenumber=\count186
\c@LN@truepage=\count187
\c@internallinenumber=\count188
\c@internallinenumbers=\count189
\quotelinenumbersep=\dimen147
\bframerule=\dimen148
\bframesep=\dimen149
\bframebox=\box46
LaTeX Info: Redefining \\ on input line 3056.
)
\c@FV@TrueTabGroupLevel=\count190
\c@FV@TrueTabCounter=\count191
\FV@TabBox@Group=\box47
\FV@TmpLength=\skip62
\c@FV@HighlightLinesStart=\count192
\c@FV@HighlightLinesStop=\count193
\FV@LoopCount=\count194
\FV@NCharsBox=\box48
\FV@BreakIndent=\dimen150
\FV@BreakIndentNChars=\count195
\FV@BreakSymbolSepLeft=\dimen151
\FV@BreakSymbolSepLeftNChars=\count196
\FV@BreakSymbolSepRight=\dimen152
\FV@BreakSymbolSepRightNChars=\count197
\FV@BreakSymbolIndentLeft=\dimen153
\FV@BreakSymbolIndentLeftNChars=\count198
\FV@BreakSymbolIndentRight=\dimen154
\FV@BreakSymbolIndentRightNChars=\count199
\c@FancyVerbLineBreakLast=\count266
\FV@LineBox=\box49
\FV@LineIndentBox=\box50
\FV@LineWidth=\dimen155
) (/usr/share/texlive/texmf-dist/tex/latex/tools/calc.sty
Package: calc 2017/05/25 v4.3 Infix arithmetic (KKT,FJ)
\calc@Acount=\count267
\calc@Bcount=\count268
\calc@Adimen=\dimen156
\calc@Bdimen=\dimen157
\calc@Askip=\skip63
\calc@Bskip=\skip64
LaTeX Info: Redefining \setlength on input line 80.
LaTeX Info: Redefining \addtolength on input line 81.
\calc@Ccount=\count269
\calc@Cskip=\skip65
) (/usr/share/texlive/texmf-dist/tex/latex/tools/shellesc.sty
Package: shellesc 2019/11/08 v1.0c unified shell escape interface for LaTeX
Package shellesc Info: Unrestricted shell escape enabled on input line 75.
) (/usr/share/texlive/texmf-dist/tex/latex/ifplatform/ifplatform.sty
Package: ifplatform 2017/10/13 v0.4a Testing for the operating system
 (/usr/share/texlive/texmf-dist/tex/latex/pdftexcmds/pdftexcmds.sty
Package: pdftexcmds 2019/11/24 v0.31 Utility functions of pdfTeX for LuaTeX (HO)
 (/usr/share/texlive/texmf-dist/tex/generic/infwarerr/infwarerr.sty
Package: infwarerr 2019/12/03 v1.5 Providing info/warning/error messages (HO)
)
Package pdftexcmds Info: \pdf@primitive is available.
Package pdftexcmds Info: \pdf@ifprimitive is available.
Package pdftexcmds Info: \pdfdraftmode found.
) (/usr/share/texlive/texmf-dist/tex/generic/catchfile/catchfile.sty
Package: catchfile 2019/12/09 v1.8 Catch the contents of a file (HO)
 (/usr/share/texlive/texmf-dist/tex/generic/etexcmds/etexcmds.sty
Package: etexcmds 2019/12/15 v1.7 Avoid name clashes with e-TeX commands (HO)
)) (/usr/share/texlive/texmf-dist/tex/generic/iftex/ifluatex.sty
Package: ifluatex 2019/10/25 v1.5 ifluatex legacy package. Use iftex instead.
)
runsystem(uname -s > "report-a.w18")...executed.

 (/home/cambou/unsw/thesis/unsw-honours-thesis/thesis-a/report/report-a.w18)
runsystem(rm -- "report-a.w18")...executed.

) (/usr/share/texlive/texmf-dist/tex/generic/xstring/xstring.sty (/usr/share/texlive/texmf-dist/tex/generic/xstring/xstring.tex
\integerpart=\count270
\decimalpart=\count271
)
Package: xstring 2019/02/06 v1.83 String manipulations (CT)
) (/usr/share/texlive/texmf-dist/tex/latex/framed/framed.sty
Package: framed 2011/10/22 v 0.96: framed or shaded text with page breaks
\OuterFrameSep=\skip66
\fb@frw=\dimen158
\fb@frh=\dimen159
\FrameRule=\dimen160
\FrameSep=\dimen161
) (/usr/share/texlive/texmf-dist/tex/latex/float/float.sty
Package: float 2001/11/08 v1.3d Float enhancements (AL)
\c@float@type=\count272
\float@exts=\toks17
\float@box=\box51
\@float@everytoks=\toks18
\@floatcapt=\box52
)
\minted@appexistsfile=\read3
\minted@bgbox=\box53
\minted@code=\write6
\c@minted@FancyVerbLineTemp=\count273
\c@minted@pygmentizecounter=\count274
\@float@every@listing=\toks19
\c@listing=\count275
)
runsystem(mkdir -p _minted-report-a)...executed.

 (/usr/share/texlive/texmf-dist/tex/latex/tools/multicol.sty
Package: multicol 2019/12/09 v1.8y multicolumn formatting (FMi)
\c@tracingmulticols=\count276
\mult@box=\box54
\multicol@leftmargin=\dimen162
\c@unbalance=\count277
\c@collectmore=\count278
\doublecol@number=\count279
\multicoltolerance=\count280
\multicolpretolerance=\count281
\full@width=\dimen163
\page@free=\dimen164
\premulticols=\dimen165
\postmulticols=\dimen166
\multicolsep=\skip67
\multicolbaselineskip=\skip68
\partial@page=\box55
\last@line=\box56
\maxbalancingoverflow=\dimen167
\mult@rightbox=\box57
\mult@grightbox=\box58
\mult@gfirstbox=\box59
\mult@firstbox=\box60
\@tempa=\box61
\@tempa=\box62
\@tempa=\box63
\@tempa=\box64
\@tempa=\box65
\@tempa=\box66
\@tempa=\box67
\@tempa=\box68
\@tempa=\box69
\@tempa=\box70
\@tempa=\box71
\@tempa=\box72
\@tempa=\box73
\@tempa=\box74
\@tempa=\box75
\@tempa=\box76
\@tempa=\box77
\@tempa=\box78
\@tempa=\box79
\@tempa=\box80
\@tempa=\box81
\@tempa=\box82
\@tempa=\box83
\@tempa=\box84
\@tempa=\box85
\@tempa=\box86
\@tempa=\box87
\@tempa=\box88
\@tempa=\box89
\@tempa=\box90
\@tempa=\box91
\@tempa=\box92
\@tempa=\box93
\@tempa=\box94
\@tempa=\box95
\@tempa=\box96
\@tempa=\box97
\c@minrows=\count282
\c@columnbadness=\count283
\c@finalcolumnbadness=\count284
\last@try=\dimen168
\multicolovershoot=\dimen169
\multicolundershoot=\dimen170
\mult@nat@firstbox=\box98
\colbreak@box=\box99
\mc@col@check@num=\count285
) (/usr/share/texlive/texmf-dist/tex/latex/listings/listings.sty
\lst@mode=\count286
\lst@gtempboxa=\box100
\lst@token=\toks20
\lst@length=\count287
\lst@currlwidth=\dimen171
\lst@column=\count288
\lst@pos=\count289
\lst@lostspace=\dimen172
\lst@width=\dimen173
\lst@newlines=\count290
\lst@lineno=\count291
\lst@maxwidth=\dimen174
 (/usr/share/texlive/texmf-dist/tex/latex/listings/lstmisc.sty
File: lstmisc.sty 2019/09/10 1.8c (Carsten Heinz)
\c@lstnumber=\count292
\lst@skipnumbers=\count293
\lst@framebox=\box101
) (/usr/share/texlive/texmf-dist/tex/latex/listings/listings.cfg
File: listings.cfg 2019/09/10 1.8c listings configuration
))
Package: listings 2019/09/10 1.8c (Carsten Heinz)
 (/usr/share/texlive/texmf-dist/tex/latex/caption/caption.sty
Package: caption 2020/01/03 v3.4h Customizing captions (AR)
 (/usr/share/texlive/texmf-dist/tex/latex/caption/caption3.sty
Package: caption3 2020/01/03 v1.8h caption3 kernel (AR)
Package caption3 Info: TeX engine: e-TeX on input line 61.
\captionmargin=\dimen175
\captionmargin@=\dimen176
\captionwidth=\dimen177
\caption@tempdima=\dimen178
\caption@indent=\dimen179
\caption@parindent=\dimen180
\caption@hangindent=\dimen181
Package caption Info: Standard document class detected.
)
\c@caption@flags=\count294
\c@continuedfloat=\count295
Package caption Info: float package is loaded.
Package caption Info: listings package is loaded.
) (/usr/share/texlive/texmf-dist/tex/latex/url/url.sty
\Urlmuskip=\muskip16
Package: url 2013/09/16  ver 3.4  Verb mode for urls, etc.
)
\@input{definitions.aux}
\openout2 = `definitions.aux'.

(/home/cambou/unsw/thesis/unsw-honours-thesis/thesis-a/report/definitions.tex) (/usr/share/texlive/texmf-dist/tex/latex/xcolor/xcolor.sty
Package: xcolor 2016/05/11 v2.12 LaTeX color extensions (UK)
 (/usr/share/texlive/texmf-dist/tex/latex/graphics-cfg/color.cfg
File: color.cfg 2016/01/02 v1.6 sample color configuration
)
Package xcolor Info: Driver file: pdftex.def on input line 225.
Package xcolor Info: Model `cmy' substituted by `cmy0' on input line 1348.
Package xcolor Info: Model `hsb' substituted by `rgb' on input line 1352.
Package xcolor Info: Model `RGB' extended on input line 1364.
Package xcolor Info: Model `HTML' substituted by `rgb' on input line 1366.
Package xcolor Info: Model `Hsb' substituted by `hsb' on input line 1367.
Package xcolor Info: Model `tHsb' substituted by `hsb' on input line 1368.
Package xcolor Info: Model `HSB' substituted by `hsb' on input line 1369.
Package xcolor Info: Model `Gray' substituted by `gray' on input line 1370.
Package xcolor Info: Model `wave' substituted by `hsb' on input line 1371.
)
runsystem(which pygmentize && touch report-a.aex)...executed.

runsystem(rm report-a.aex)...executed.

 (/usr/share/texlive/texmf-dist/tex/latex/l3backend/l3backend-pdfmode.def
File: l3backend-pdfmode.def 2020-02-03 L3 backend support: PDF mode
\l__kernel_color_stack_int=\count296
\l__pdf_internal_box=\box102
) (/home/cambou/unsw/thesis/unsw-honours-thesis/thesis-a/report/report-a.aux (/home/cambou/unsw/thesis/unsw-honours-thesis/thesis-a/report/acknowledgements.aux) (/home/cambou/unsw/thesis/unsw-honours-thesis/thesis-a/report/introduction.aux) (/home/cambou/unsw/thesis/unsw-honours-thesis/thesis-a/report/background.aux) (/home/cambou/unsw/thesis/unsw-honours-thesis/thesis-a/report/relatedwork.aux) (/home/cambou/unsw/thesis/unsw-honours-thesis/thesis-a/report/approach.aux) (/home/cambou/unsw/thesis/unsw-honours-thesis/thesis-a/report/plan.aux))
\openout1 = `report-a.aux'.

LaTeX Font Info:    Checking defaults for OML/cmm/m/it on input line 41.
LaTeX Font Info:    ... okay on input line 41.
LaTeX Font Info:    Checking defaults for OMS/cmsy/m/n on input line 41.
LaTeX Font Info:    ... okay on input line 41.
LaTeX Font Info:    Checking defaults for OT1/cmr/m/n on input line 41.
LaTeX Font Info:    ... okay on input line 41.
LaTeX Font Info:    Checking defaults for T1/cmr/m/n on input line 41.
LaTeX Font Info:    ... okay on input line 41.
LaTeX Font Info:    Checking defaults for TS1/cmr/m/n on input line 41.
LaTeX Font Info:    ... okay on input line 41.
LaTeX Font Info:    Checking defaults for OMX/cmex/m/n on input line 41.
LaTeX Font Info:    ... okay on input line 41.
LaTeX Font Info:    Checking defaults for U/cmr/m/n on input line 41.
LaTeX Font Info:    ... okay on input line 41.
 (/usr/share/texlive/texmf-dist/tex/context/base/mkii/supp-pdf.mkii
[Loading MPS to PDF converter (version 2006.09.02).]
\scratchcounter=\count297
\scratchdimen=\dimen182
\scratchbox=\box103
\nofMPsegments=\count298
\nofMParguments=\count299
\everyMPshowfont=\toks21
\MPscratchCnt=\count300
\MPscratchDim=\dimen183
\MPnumerator=\count301
\makeMPintoPDFobject=\count302
\everyMPtoPDFconversion=\toks22
) (/usr/share/texlive/texmf-dist/tex/latex/epstopdf-pkg/epstopdf-base.sty
Package: epstopdf-base 2020-01-24 v2.11 Base part for package epstopdf
Package epstopdf-base Info: Redefining graphics rule for `.eps' on input line 485.
 (/usr/share/texlive/texmf-dist/tex/latex/latexconfig/epstopdf-sys.cfg
File: epstopdf-sys.cfg 2010/07/13 v1.3 Configuration of (r)epstopdf for TeX Live
))
*geometry* driver: auto-detecting
*geometry* detected driver: pdftex
*geometry* verbose mode - [ preamble ] result:
* driver: pdftex
* paper: <default>
* layout: <same size as paper>
* layoutoffset:(h,v)=(0.0pt,0.0pt)
* modes: twoside 
* h-part:(L,W,R)=(71.70166pt, 418.25368pt, 107.55254pt)
* v-part:(T,H,B)=(101.40665pt, 591.5302pt, 152.11pt)
* \paperwidth=597.50787pt
* \paperheight=845.04684pt
* \textwidth=412.56497pt
* \textheight=629.33034pt
* \oddsidemargin=41.54103pt
* \evensidemargin=-1.1381pt
* \topmargin=-1.1381pt
* \headheight=25.0pt
* \headsep=20.0pt
* \topskip=11.0pt
* \footskip=42.67912pt
* \marginparwidth=71.13188pt
* \marginparsep=7.0pt
* \columnsep=10.0pt
* \skip\footins=10.0pt plus 4.0pt minus 2.0pt
* \hoffset=0.0pt
* \voffset=0.0pt
* \mag=1000
* \@twocolumnfalse
* \@twosidetrue
* \@mparswitchtrue
* \@reversemarginfalse
* (1in=72.27pt=25.4mm, 1cm=28.453pt)

\@tmpb@x=\box104
\@titlewidth=\dimen184
(/usr/share/texlive/texmf-dist/tex/latex/base/textcomp.sty
Package: textcomp 2020/02/02 v2.0n Standard LaTeX package
)
\c@lstlisting=\count303
Package caption Info: Begin \AtBeginDocument code.
Package caption Info: End \AtBeginDocument code.
LaTeX Font Info:    Trying to load font information for OT1+phv on input line 45.
 (/usr/share/texlive/texmf-dist/tex/latex/psnfss/ot1phv.fd
File: ot1phv.fd 2001/06/04 scalable font definitions for OT1/phv.
)
<crest.pdf, id=1, 147.27522pt x 154.20912pt>
File: crest.pdf Graphic file (type pdf)
<use crest.pdf>
Package pdftex.def Info: crest.pdf  used on input line 45.
(pdftex.def)             Requested size: 147.27486pt x 154.20872pt.
LaTeX Font Info:    Calculating math sizes for size <14> on input line 45.
LaTeX Font Info:    External font `cmex10' loaded for size
(Font)              <14> on input line 45.
LaTeX Font Info:    External font `cmex10' loaded for size
(Font)              <9.79996> on input line 45.
LaTeX Font Info:    External font `cmex10' loaded for size
(Font)              <7> on input line 45.
 [1





{/var/lib/texmf/fonts/map/pdftex/updmap/pdftex.map} </home/cambou/unsw/thesis/unsw-honours-thesis/thesis-a/report/crest.pdf>]
\openout2 = `acknowledgements.aux'.

 (/home/cambou/unsw/thesis/unsw-honours-thesis/thesis-a/report/acknowledgements.tex) [2


] (/home/cambou/unsw/thesis/unsw-honours-thesis/thesis-a/report/report-a.toc
LaTeX Font Info:    External font `cmex10' loaded for size
(Font)              <10.95> on input line 2.
LaTeX Font Info:    External font `cmex10' loaded for size
(Font)              <8> on input line 2.
LaTeX Font Info:    External font `cmex10' loaded for size
(Font)              <6> on input line 2.
 [3


])
\tf@toc=\write7
\openout7 = `report-a.toc'.

 [4] [5] [6

]
\openout2 = `introduction.aux'.

 (/home/cambou/unsw/thesis/unsw-honours-thesis/thesis-a/report/introduction.tex
Chapter 1.

LaTeX Warning: Citation `SiteAboutSeL4' on page 1 undefined on input line 11.


Underfull \vbox (badness 10000) has occurred while \output is active []

 [1



]
<report-a_micro_v_mono.png, id=71, 1445.4pt x 813.0375pt>
File: report-a_micro_v_mono.png Graphic file (type png)
<use report-a_micro_v_mono.png>
Package pdftex.def Info: report-a_micro_v_mono.png  used on input line 14.
(pdftex.def)             Requested size: 412.56497pt x 232.06546pt.


LaTeX Warning: Citation `AOSMicrokernelSlide' on page 2 undefined on input line 15.


LaTeX Warning: Citation `AOSMicrokernelSlide' on page 2 undefined on input line 15.

) [2 </home/cambou/unsw/thesis/unsw-honours-thesis/thesis-a/report/report-a_micro_v_mono.png>] [3]
\openout2 = `background.aux'.

 (/home/cambou/unsw/thesis/unsw-honours-thesis/thesis-a/report/background.tex
Chapter 2.

LaTeX Warning: Citation `ManGprof' on page 4 undefined on input line 13.

[4



]

LaTeX Warning: Citation `ManGCC' on page 5 undefined on input line 23.

[5]
<report-a_sampling_timeline.png, id=87, 1445.4pt x 813.0375pt>
File: report-a_sampling_timeline.png Graphic file (type png)
<use report-a_sampling_timeline.png>
Package pdftex.def Info: report-a_sampling_timeline.png  used on input line 44.
(pdftex.def)             Requested size: 412.56497pt x 232.06546pt.


LaTeX Warning: Citation `YouTubeDotnetosCPUProfling' on page 6 undefined on input line 45.


LaTeX Warning: Citation `YouTubeDotnetosCPUProfling' on page 6 undefined on input line 45.


LaTeX Warning: `!h' float specifier changed to `!ht'.


LaTeX Warning: Citation `DocsGProfImpl' on page 6 undefined on input line 49.

[6]

LaTeX Warning: Citation `GlossArmISA' on page 7 undefined on input line 55.

[7 </home/cambou/unsw/thesis/unsw-honours-thesis/thesis-a/report/report-a_sampling_timeline.png>]
<redhat_cpu_vis.png, id=97, 1236.62pt x 1439.3775pt>
File: redhat_cpu_vis.png Graphic file (type png)
<use redhat_cpu_vis.png>
Package pdftex.def Info: redhat_cpu_vis.png  used on input line 59.
(pdftex.def)             Requested size: 206.28249pt x 240.10065pt.


LaTeX Warning: Citation `BlogRedHatCPU' on page 8 undefined on input line 60.


LaTeX Warning: Citation `BlogRedHatCPU' on page 8 undefined on input line 60.

[8 </home/cambou/unsw/thesis/unsw-honours-thesis/thesis-a/report/redhat_cpu_vis.png>]

LaTeX Warning: Citation `DocsArmv8PMU' on page 9 undefined on input line 72.

[9]

LaTeX Warning: Citation `DocsSeL4Hardware' on page 10 undefined on input line 114.


LaTeX Warning: Citation `DocsArmCortexA15PMU' on page 10 undefined on input line 114.


LaTeX Warning: Citation `DocsArmv7PMURegs' on page 10 undefined on input line 114.


LaTeX Warning: Citation `TutHowToUsePMU' on page 10 undefined on input line 114.

[10]

LaTeX Warning: Citation `DocsArvm7' on page 11 undefined on input line 129.

\openout5 = `report-a.pyg'.

(/home/cambou/unsw/thesis/unsw-honours-thesis/thesis-a/report/_minted-report-a/default-pyg-prefix.pygstyle) (/home/cambou/unsw/thesis/unsw-honours-thesis/thesis-a/report/_minted-report-a/default.pygstyle) (/home/cambou/unsw/thesis/unsw-honours-thesis/thesis-a/report/_minted-report-a/0862080082ABDF9D27B16E4B0F8A8DB32E5BC93511A4659AF3768949DEF24F54.pygtex)

LaTeX Warning: Citation `DocsArmMCR' on page 11 undefined on input line 154.


LaTeX Warning: Citation `DocsGCCExtendedAsm' on page 11 undefined on input line 154.

\openout5 = `report-a.pyg'.

(/home/cambou/unsw/thesis/unsw-honours-thesis/thesis-a/report/_minted-report-a/672CFCBF7AE62379E553AFE9B12627312E5BC93511A4659AF3768949DEF24F54.pygtex
LaTeX Font Info:    Font shape `OT1/cmtt/bx/n' in size <10.95> not available
(Font)              Font shape `OT1/cmtt/m/n' tried instead on input line 2.
)
\openout5 = `report-a.pyg'.

 (/home/cambou/unsw/thesis/unsw-honours-thesis/thesis-a/report/_minted-report-a/C03A8CBA80E43F783804A50EC4C5EF792E5BC93511A4659AF3768949DEF24F54.pygtex)
\openout5 = `report-a.pyg'.

 (/home/cambou/unsw/thesis/unsw-honours-thesis/thesis-a/report/_minted-report-a/77E6753F1FC69B2F900EE3E678565F5D2E5BC93511A4659AF3768949DEF24F54.pygtex) [11]
Overfull \vbox (12.65831pt too high) has occurred while \output is active []

 [12]
\openout5 = `report-a.pyg'.

 (/home/cambou/unsw/thesis/unsw-honours-thesis/thesis-a/report/_minted-report-a/7B7DEAA61CD9A775F87E7A95D8F6E5182E5BC93511A4659AF3768949DEF24F54.pygtex)

LaTeX Warning: Citation `DocsArmMRC' on page 13 undefined on input line 204.

\openout5 = `report-a.pyg'.

(/home/cambou/unsw/thesis/unsw-honours-thesis/thesis-a/report/_minted-report-a/DE54ECEE24DCE38B8FF15F0E6EFDEC552E5BC93511A4659AF3768949DEF24F54.pygtex)

LaTeX Warning: Citation `SiteTop500Project' on page 13 undefined on input line 220.


LaTeX Warning: Citation `DocsIntel64IA32Vol3B' on page 13 undefined on input line 222.

[13]

LaTeX Warning: Citation `ArticleEmbeddedTwoPercSol' on page 14 undefined on input line 232.


LaTeX Warning: Citation `DocsArmArchProfiles' on page 14 undefined on input line 234.


LaTeX Warning: Citation `DocsArmCortexR52PMUCtrs' on page 14 undefined on input line 241.


LaTeX Warning: Citation `DocsArmCortexM55PMUCtrs' on page 14 undefined on input line 241.

[14]

LaTeX Warning: Citation `BlogVentureBeat' on page 15 undefined on input line 245.


LaTeX Warning: Citation `DocsRISVISAPerfCounters' on page 15 undefined on input line 247.

) [15]
\openout2 = `relatedwork.aux'.

 (/home/cambou/unsw/thesis/unsw-honours-thesis/thesis-a/report/relatedwork.tex
Chapter 3.

LaTeX Warning: Citation `SPECCPU2017' on page 16 undefined on input line 9.


LaTeX Warning: Citation `GithubSel4bench' on page 16 undefined on input line 13.


Underfull \vbox (badness 1577) has occurred while \output is active []

 [16



]

LaTeX Warning: Citation `github_libsel4bench_sel4bench_header' on page 17 undefined on input line 19.

[17]

LaTeX Warning: Citation `DocsRedHatPCL' on page 18 undefined on input line 32.


LaTeX Warning: Citation `BlogBrendandGreggPerf' on page 18 undefined on input line 32.


LaTeX Warning: Citation `DocsUnofficialLinxPerfEvents' on page 18 undefined on input line 32.

<report-a_perf_util_arch.png, id=132, 563.10374pt x 290.88675pt>
File: report-a_perf_util_arch.png Graphic file (type png)
<use report-a_perf_util_arch.png>
Package pdftex.def Info: report-a_perf_util_arch.png  used on input line 38.
(pdftex.def)             Requested size: 330.05322pt x 170.49873pt.

LaTeX Warning: Citation `CERN_openlab_perf_file_format' on page 18 undefined on input line 39.


LaTeX Warning: Citation `CERN_openlab_perf_file_format' on page 18 undefined on input line 39.


LaTeX Warning: Citation `ManPerfCLI' on page 18 undefined on input line 43.


Overfull \hbox (14.05905pt too wide) in paragraph at lines 43--44
[]\OT1/cmr/m/n/10.95 The perf util-ity is the Com-mand Line In-ter-face (CLI) to the PCL sub-sys-tem (\OT1/cmtt/m/n/10.95 perf[]events\OT1/cmr/m/n/10.95 )
 []

[18 </home/cambou/unsw/thesis/unsw-honours-thesis/thesis-a/report/report-a_perf_util_arch.png>] [19]
<thesis-a_perf_report.png, id=141, 1932.21875pt x 1015.795pt>
File: thesis-a_perf_report.png Graphic file (type png)
<use thesis-a_perf_report.png>
Package pdftex.def Info: thesis-a_perf_report.png  used on input line 86.
(pdftex.def)             Requested size: 412.56497pt x 216.88818pt.
 [20 </home/cambou/unsw/thesis/unsw-honours-thesis/thesis-a/report/thesis-a_perf_report.png>]
\openout5 = `report-a.pyg'.

 (/home/cambou/unsw/thesis/unsw-honours-thesis/thesis-a/report/_minted-report-a/E6E7245DB6FBE7C218A775D7401601852E5BC93511A4659AF3768949DEF24F54.pygtex) [21]
\openout5 = `report-a.pyg'.

 (/home/cambou/unsw/thesis/unsw-honours-thesis/thesis-a/report/_minted-report-a/54430A2E1E30ECFB42B64F4D8F6BD8B92E5BC93511A4659AF3768949DEF24F54.pygtex) [22]

LaTeX Warning: Citation `GithubPerfFileFormat' on page 23 undefined on input line 175.


LaTeX Warning: Citation `CERN_openlab_perf_file_format' on page 23 undefined on input line 177.


LaTeX Warning: Citation `GithubPerfFileFormat' on page 23 undefined on input line 177.

[23]
<report-a_perf_design.png, id=155, 629.35126pt x 418.56375pt>
File: report-a_perf_design.png Graphic file (type png)
<use report-a_perf_design.png>
Package pdftex.def Info: report-a_perf_design.png  used on input line 183.
(pdftex.def)             Requested size: 330.05322pt x 219.50655pt.


LaTeX Warning: Citation `CERN_openlab_perf_file_format' on page 24 undefined on input line 184.


LaTeX Warning: Citation `CERN_openlab_perf_file_format' on page 24 undefined on input line 184.

) [24 </home/cambou/unsw/thesis/unsw-honours-thesis/thesis-a/report/report-a_perf_design.png>]
\openout2 = `approach.aux'.

 (/home/cambou/unsw/thesis/unsw-honours-thesis/thesis-a/report/approach.tex
Chapter 4.

LaTeX Warning: Citation `DocsOProfileInter' on page 25 undefined on input line 10.

[25



] [26]

LaTeX Warning: Citation `github_libsel4bench_sel4bench_header' on page 27 undefined on input line 53.


LaTeX Warning: Citation `DocsSeL4Hardware' on page 27 undefined on input line 53.

[27] [28]
<thesis_a_design_overview.drawio.png, id=173, 905.3825pt x 494.84875pt>
File: thesis_a_design_overview.drawio.png Graphic file (type png)
<use thesis_a_design_overview.drawio.png>
Package pdftex.def Info: thesis_a_design_overview.drawio.png  used on input line 77.
(pdftex.def)             Requested size: 412.56497pt x 225.48877pt.
 [29 </home/cambou/unsw/thesis/unsw-honours-thesis/thesis-a/report/thesis_a_design_overview.drawio.png>]) [30]
\openout2 = `plan.aux'.

 (/home/cambou/unsw/thesis/unsw-honours-thesis/thesis-a/report/plan.tex
Chapter 5.
[31



]) [32] (/home/cambou/unsw/thesis/unsw-honours-thesis/thesis-a/report/report-a.bbl
Underfull \hbox (badness 10000) in paragraph at lines 16--21
[]\OT1/cmr/m/n/10.95 ARM.  Arm ar-chi-tec-ture pro-files.  $\OT1/cmtt/m/n/10.95 https : / / developer . arm . com /
 []


Underfull \hbox (badness 10000) in paragraph at lines 16--21
\OT1/cmtt/m/n/10.95 documentation / dui0471 / i / key-[]features-[]of-[]arm-[]architecture-[]versions /
 []


Underfull \hbox (badness 5077) in paragraph at lines 30--35
[]\OT1/cmr/m/n/10.95 ARM.  Cor-texa15 - about the pmu.  $\OT1/cmtt/m/n/10.95 https : / / developer . arm . com /
 []


Underfull \hbox (badness 10000) in paragraph at lines 30--35
\OT1/cmtt/m/n/10.95 documentation / ddi0438 / h / Performance-[]Monitor-[]Unit / About-[]the-[]PMU ?
 []


Underfull \hbox (badness 4303) in paragraph at lines 37--42
[]\OT1/cmr/m/n/10.95 ARM.  Cor-texm55 - about the pmu.  $\OT1/cmtt/m/n/10.95 https : / / developer . arm . com /
 []


Underfull \hbox (badness 10000) in paragraph at lines 37--42
\OT1/cmtt/m/n/10.95 documentation / 100026 / 0101 / performance-[]monitor-[]unit / about-[]the-[]pmu ?
 []


Underfull \hbox (badness 5359) in paragraph at lines 44--49
[]\OT1/cmr/m/n/10.95 ARM.  Cor-texr52 - about the pmu.  $\OT1/cmtt/m/n/10.95 https : / / developer . arm . com /
 []


Underfull \hbox (badness 10000) in paragraph at lines 44--49
\OT1/cmtt/m/n/10.95 documentation / 100026 / 0101 / performance-[]monitor-[]unit / about-[]the-[]pmu ?
 []


Underfull \hbox (badness 10000) in paragraph at lines 57--62
[]\OT1/cmr/m/n/10.95 ARM.  Mcr, mcr2, mcrr, and mcrr2.  $\OT1/cmtt/m/n/10.95 https : / / developer .
 []


Underfull \hbox (badness 10000) in paragraph at lines 57--62
\OT1/cmtt/m/n/10.95 arm . com / documentation / dui0489 / c / arm-[]and-[]thumb-[]instructions /
 []


Underfull \hbox (badness 10000) in paragraph at lines 64--69
[]\OT1/cmr/m/n/10.95 ARM.  Mrc, mrc2, mrrc and mrrc2.  $\OT1/cmtt/m/n/10.95 https : / / developer .
 []


Underfull \hbox (badness 10000) in paragraph at lines 64--69
\OT1/cmtt/m/n/10.95 arm . com / documentation / dui0489 / c / arm-[]and-[]thumb-[]instructions /
 []


Underfull \hbox (badness 10000) in paragraph at lines 64--69
\OT1/cmtt/m/n/10.95 coprocessor-[]instructions / mrc-[]-[]mrc2-[]-[]mrrc-[]and-[]mrrc2 ? lang = en$\OT1/cmr/m/n/10.95 .  [On-
 []


Underfull \hbox (badness 10000) in paragraph at lines 71--76
[]\OT1/cmr/m/n/10.95 ARM.  Per-for-mance mon-i-tor reg-is-ters.  $\OT1/cmtt/m/n/10.95 https : / / developer .
 []


Underfull \hbox (badness 10000) in paragraph at lines 71--76
\OT1/cmtt/m/n/10.95 arm . com / documentation / ddi0406 / b / Debug-[]Architecture /
 []


Underfull \hbox (badness 10000) in paragraph at lines 71--76
\OT1/cmtt/m/n/10.95 Debug-[]Registers-[]Reference / Performance-[]monitor-[]registers ? lang = en$\OT1/cmr/m/n/10.95 .
 []

[33



]
Underfull \hbox (badness 7576) in paragraph at lines 78--84
[]\OT1/cmr/m/n/10.95 ARM.  Armv8.1-m per-for-mance mon-i-tor-ing user guide.  $\OT1/cmtt/m/n/10.95 https : / /
 []


Underfull \hbox (badness 3209) in paragraph at lines 78--84
\OT1/cmtt/m/n/10.95 documentation-[]service . arm . com / static / 5f33dafc60a93e65927c47a9$\OT1/cmr/m/n/10.95 , 2010.
 []


Underfull \hbox (badness 1308) in paragraph at lines 86--91
\OT1/cmr/m/n/10.95 al-ity.  $\OT1/cmtt/m/n/10.95 https : / / www . redhat . com / sysadmin / cpu-[]components-[]functionality$\OT1/cmr/m/n/10.95 ,
 []


Underfull \hbox (badness 10000) in paragraph at lines 105--111
\OT1/cmtt/m/n/10.95 Documents / 3 _ Technical _ Documents / Technical _ Reports / 2011 / Urs _ Fassler _
 []


Underfull \hbox (badness 10000) in paragraph at lines 120--125
[]\OT1/cmr/m/n/10.95 RISC-V Foun-da-tion.  Coun-ters.  $\OT1/cmtt/m/n/10.95 https : / / five-[]embeddev . com /
 []


Underfull \hbox (badness 1983) in paragraph at lines 120--125
\OT1/cmtt/m/n/10.95 riscv-[]isa-[]manual / latest / counters . html$\OT1/cmr/m/n/10.95 , 2019.  Ver-sion: 5.03 [On-line;
 []


Underfull \hbox (badness 10000) in paragraph at lines 139--144
\OT1/cmtt/m/n/10.95 / / access . redhat . com / documentation / en-[]us / red _ hat _ enterprise _ linux / 6 /
 []


Underfull \hbox (badness 1931) in paragraph at lines 153--159
[]\OT1/cmr/m/n/10.95 Intel.  In-tel\TS1/cmr/m/n/10.95 ® \OT1/cmr/m/n/10.95 64 and ia-32 ar-chi-tec-tures de-vel-oper's man-ual: Vol. 3b.
 []


Underfull \hbox (badness 10000) in paragraph at lines 153--159
\OT1/cmtt/m/n/10.95 https : / / www . intel . la / content / www / xl / es / architecture-[]and-[]technology /
 []


Underfull \hbox (badness 10000) in paragraph at lines 153--159
\OT1/cmtt/m/n/10.95 64-[]ia-[]32-[]architectures-[]software-[]developer-[]vol-[]3b-[]part-[]2-[]manual .
 []

[34]
/home/cambou/unsw/thesis/unsw-honours-thesis/thesis-a/report/report-a.bbl:195: Missing $ inserted.
<inserted text> 
                $
l.195 \newblock sel4_
                     libs - libsel4bench - sel4bench.h.
I've inserted a begin-math/end-math symbol since I think
you left one out. Proceed, with fingers crossed.


/home/cambou/unsw/thesis/unsw-honours-thesis/thesis-a/report/report-a.bbl:197: LaTeX Error: Command $ invalid in math mode.

See the LaTeX manual or LaTeX Companion for explanation.
Type  H <return>  for immediate help.
 ...                                              
                                                  
l.197   \url
            {https://github.com/seL4/seL4_libs/blob/14d3c94f5164c993033a35a5...
Try typing  <return>  to proceed.
If that doesn't work, type  X <return>  to quit.


/home/cambou/unsw/thesis/unsw-honours-thesis/thesis-a/report/report-a.bbl:197: LaTeX Error: Command \ttfamily invalid in math mode.

See the LaTeX manual or LaTeX Companion for explanation.
Type  H <return>  for immediate help.
 ...                                              
                                                  
l.197 ...bsel4bench/include/sel4bench/sel4bench.h}
                                                  ,
Please use the math alphabet \mathtt instead of the \ttfamily command. 

/home/cambou/unsw/thesis/unsw-honours-thesis/thesis-a/report/report-a.bbl:197: Missing } inserted.
<inserted text> 
                }
l.197 ...bsel4bench/include/sel4bench/sel4bench.h}
                                                  ,
I've inserted something that you may have forgotten.
(See the <inserted text> above.)
With luck, this will get me unwedged. But if you
really didn't forget anything, try typing `2' now; then
my insertion and my current dilemma will both disappear.

/home/cambou/unsw/thesis/unsw-honours-thesis/thesis-a/report/report-a.bbl:197: Missing \endgroup inserted.
<inserted text> 
                \endgroup 
l.197 ...bsel4bench/include/sel4bench/sel4bench.h}
                                                  ,
I've inserted something that you may have forgotten.
(See the <inserted text> above.)
With luck, this will get me unwedged. But if you
really didn't forget anything, try typing `2' now; then
my insertion and my current dilemma will both disappear.

/home/cambou/unsw/thesis/unsw-honours-thesis/thesis-a/report/report-a.bbl:197: Undefined control sequence.
\Url@FormatString ...ndafter \UrlLeft \Url@String 
                                                  \UrlRight \m@th $
l.197 ...bsel4bench/include/sel4bench/sel4bench.h}
                                                  ,
The control sequence at the end of the top line
of your error message was never \def'ed. If you have
misspelled it (e.g., `\hobx'), type `I' and the correct
spelling (e.g., `I\hbox'). Otherwise just continue,
and I'll forget about whatever was undefined.

/home/cambou/unsw/thesis/unsw-honours-thesis/thesis-a/report/report-a.bbl:197: Extra }, or forgotten $.
<recently read> }
                 
l.197 ...bsel4bench/include/sel4bench/sel4bench.h}
                                                  ,
I've deleted a group-closing symbol because it seems to be
spurious, as in `$x}$'. But perhaps the } is legitimate and
you forgot something else, as in `\hbox{$x}'. In such cases
the way to recover is to insert both the forgotten and the
deleted material, e.g., by typing `I$}'.

/home/cambou/unsw/thesis/unsw-honours-thesis/thesis-a/report/report-a.bbl:197: Missing $ inserted.
<inserted text> 
                $
l.197 ...bsel4bench/include/sel4bench/sel4bench.h}
                                                  ,
I've inserted something that you may have forgotten.
(See the <inserted text> above.)
With luck, this will get me unwedged. But if you
really didn't forget anything, try typing `2' now; then
my insertion and my current dilemma will both disappear.


/home/cambou/unsw/thesis/unsw-honours-thesis/thesis-a/report/report-a.bbl:201: LaTeX Error: Lonely \item--perhaps a missing list environment.

See the LaTeX manual or LaTeX Companion for explanation.
Type  H <return>  for immediate help.
 ...                                              
                                                  
l.201 \bibitem{GithubSel4bench}
                               
Try typing  <return>  to proceed.
If that doesn't work, type  X <return>  to quit.


Underfull \hbox (badness 10000) detected at line 201
[][]
 []

/home/cambou/unsw/thesis/unsw-honours-thesis/thesis-a/report/report-a.bbl:201: Undefined control sequence.
<argument> \@listctr 
                     
l.201 \bibitem{GithubSel4bench}
                               
The control sequence at the end of the top line
of your error message was never \def'ed. If you have
misspelled it (e.g., `\hobx'), type `I' and the correct
spelling (e.g., `I\hbox'). Otherwise just continue,
and I'll forget about whatever was undefined.

/home/cambou/unsw/thesis/unsw-honours-thesis/thesis-a/report/report-a.bbl:201: You can't use `\relax' after \the.
<recently read> \c@ 
                    
l.201 \bibitem{GithubSel4bench}
                               
I'm forgetting what you said and using zero instead.

/home/cambou/unsw/thesis/unsw-honours-thesis/thesis-a/report/report-a.bbl:203: Missing $ inserted.
<inserted text> 
                $
l.203 \newblock sel4_
                     libs - sel4bench.
I've inserted a begin-math/end-math symbol since I think
you left one out. Proceed, with fingers crossed.


/home/cambou/unsw/thesis/unsw-honours-thesis/thesis-a/report/report-a.bbl:204: LaTeX Error: Command $ invalid in math mode.

See the LaTeX manual or LaTeX Companion for explanation.
Type  H <return>  for immediate help.
 ...                                              
                                                  
l.204 \newblock \url
                    {https://github.com/seL4/sel4bench/#readme}, 2022.
Try typing  <return>  to proceed.
If that doesn't work, type  X <return>  to quit.


/home/cambou/unsw/thesis/unsw-honours-thesis/thesis-a/report/report-a.bbl:204: LaTeX Error: Command \ttfamily invalid in math mode.

See the LaTeX manual or LaTeX Companion for explanation.
Type  H <return>  for immediate help.
 ...                                              
                                                  
l.204 ...ttps://github.com/seL4/sel4bench/#readme}
                                                  , 2022.
Please use the math alphabet \mathtt instead of the \ttfamily command. 

/home/cambou/unsw/thesis/unsw-honours-thesis/thesis-a/report/report-a.bbl:204: Missing } inserted.
<inserted text> 
                }
l.204 ...ttps://github.com/seL4/sel4bench/#readme}
                                                  , 2022.
I've inserted something that you may have forgotten.
(See the <inserted text> above.)
With luck, this will get me unwedged. But if you
really didn't forget anything, try typing `2' now; then
my insertion and my current dilemma will both disappear.

/home/cambou/unsw/thesis/unsw-honours-thesis/thesis-a/report/report-a.bbl:204: Missing \endgroup inserted.
<inserted text> 
                \endgroup 
l.204 ...ttps://github.com/seL4/sel4bench/#readme}
                                                  , 2022.
I've inserted something that you may have forgotten.
(See the <inserted text> above.)
With luck, this will get me unwedged. But if you
really didn't forget anything, try typing `2' now; then
my insertion and my current dilemma will both disappear.

/home/cambou/unsw/thesis/unsw-honours-thesis/thesis-a/report/report-a.bbl:204: Undefined control sequence.
\Url@FormatString ...ndafter \UrlLeft \Url@String 
                                                  \UrlRight \m@th $
l.204 ...ttps://github.com/seL4/sel4bench/#readme}
                                                  , 2022.
The control sequence at the end of the top line
of your error message was never \def'ed. If you have
misspelled it (e.g., `\hobx'), type `I' and the correct
spelling (e.g., `I\hbox'). Otherwise just continue,
and I'll forget about whatever was undefined.

/home/cambou/unsw/thesis/unsw-honours-thesis/thesis-a/report/report-a.bbl:204: Extra }, or forgotten $.
<recently read> }
                 
l.204 ...ttps://github.com/seL4/sel4bench/#readme}
                                                  , 2022.
I've deleted a group-closing symbol because it seems to be
spurious, as in `$x}$'. But perhaps the } is legitimate and
you forgot something else, as in `\hbox{$x}'. In such cases
the way to recover is to insert both the forgotten and the
deleted material, e.g., by typing `I$}'.

/home/cambou/unsw/thesis/unsw-honours-thesis/thesis-a/report/report-a.bbl:204: Missing $ inserted.
<inserted text> 
                $
l.204 ...ttps://github.com/seL4/sel4bench/#readme}
                                                  , 2022.
I've inserted something that you may have forgotten.
(See the <inserted text> above.)
With luck, this will get me unwedged. But if you
really didn't forget anything, try typing `2' now; then
my insertion and my current dilemma will both disappear.

/home/cambou/unsw/thesis/unsw-honours-thesis/thesis-a/report/report-a.bbl:204: Missing } inserted.
<inserted text> 
                }
l.204 ...ttps://github.com/seL4/sel4bench/#readme}
                                                  , 2022.
I've inserted something that you may have forgotten.
(See the <inserted text> above.)
With luck, this will get me unwedged. But if you
really didn't forget anything, try typing `2' now; then
my insertion and my current dilemma will both disappear.

/home/cambou/unsw/thesis/unsw-honours-thesis/thesis-a/report/report-a.bbl:204: Extra \endgroup.
<recently read> \endgroup 
                          
l.204 ...ttps://github.com/seL4/sel4bench/#readme}
                                                  , 2022.
Things are pretty mixed up, but I think the worst is over.


/home/cambou/unsw/thesis/unsw-honours-thesis/thesis-a/report/report-a.bbl:207: LaTeX Error: Lonely \item--perhaps a missing list environment.

See the LaTeX manual or LaTeX Companion for explanation.
Type  H <return>  for immediate help.
 ...                                              
                                                  
l.207 \bibitem{DocsSeL4Hardware}
                                
Try typing  <return>  to proceed.
If that doesn't work, type  X <return>  to quit.


Underfull \hbox (badness 10000) detected at line 207
[][]
 []

/home/cambou/unsw/thesis/unsw-honours-thesis/thesis-a/report/report-a.bbl:207: Undefined control sequence.
<argument> \@listctr 
                     
l.207 \bibitem{DocsSeL4Hardware}
                                
The control sequence at the end of the top line
of your error message was never \def'ed. If you have
misspelled it (e.g., `\hobx'), type `I' and the correct
spelling (e.g., `I\hbox'). Otherwise just continue,
and I'll forget about whatever was undefined.

/home/cambou/unsw/thesis/unsw-honours-thesis/thesis-a/report/report-a.bbl:207: You can't use `\relax' after \the.
<recently read> \c@ 
                    
l.207 \bibitem{DocsSeL4Hardware}
                                
I'm forgetting what you said and using zero instead.

\bibcite{DocsSeL4Hardware}{0}

/home/cambou/unsw/thesis/unsw-honours-thesis/thesis-a/report/report-a.bbl:213: LaTeX Error: Lonely \item--perhaps a missing list environment.

See the LaTeX manual or LaTeX Companion for explanation.
Type  H <return>  for immediate help.
 ...                                              
                                                  
l.213 \bibitem{YouTubeDotnetosCPUProfling}
                                          
Try typing  <return>  to proceed.
If that doesn't work, type  X <return>  to quit.


Underfull \hbox (badness 10000) detected at line 213
[][]
 []

/home/cambou/unsw/thesis/unsw-honours-thesis/thesis-a/report/report-a.bbl:213: Undefined control sequence.
<argument> \@listctr 
                     
l.213 \bibitem{YouTubeDotnetosCPUProfling}
                                          
The control sequence at the end of the top line
of your error message was never \def'ed. If you have
misspelled it (e.g., `\hobx'), type `I' and the correct
spelling (e.g., `I\hbox'). Otherwise just continue,
and I'll forget about whatever was undefined.

/home/cambou/unsw/thesis/unsw-honours-thesis/thesis-a/report/report-a.bbl:213: You can't use `\relax' after \the.
<recently read> \c@ 
                    
l.213 \bibitem{YouTubeDotnetosCPUProfling}
                                          
I'm forgetting what you said and using zero instead.

\bibcite{YouTubeDotnetosCPUProfling}{0}

/home/cambou/unsw/thesis/unsw-honours-thesis/thesis-a/report/report-a.bbl:219: LaTeX Error: Lonely \item--perhaps a missing list environment.

See the LaTeX manual or LaTeX Companion for explanation.
Type  H <return>  for immediate help.
 ...                                              
                                                  
l.219 \bibitem{BlogVentureBeat}
                               
Try typing  <return>  to proceed.
If that doesn't work, type  X <return>  to quit.


Underfull \hbox (badness 10000) detected at line 219
[][]
 []

/home/cambou/unsw/thesis/unsw-honours-thesis/thesis-a/report/report-a.bbl:219: Undefined control sequence.
<argument> \@listctr 
                     
l.219 \bibitem{BlogVentureBeat}
                               
The control sequence at the end of the top line
of your error message was never \def'ed. If you have
misspelled it (e.g., `\hobx'), type `I' and the correct
spelling (e.g., `I\hbox'). Otherwise just continue,
and I'll forget about whatever was undefined.

/home/cambou/unsw/thesis/unsw-honours-thesis/thesis-a/report/report-a.bbl:219: You can't use `\relax' after \the.
<recently read> \c@ 
                    
l.219 \bibitem{BlogVentureBeat}
                               
I'm forgetting what you said and using zero instead.

\bibcite{BlogVentureBeat}{0}

Overfull \hbox (188.59154pt too wide) in paragraph at lines 220--226
\OT1/cmtt/m/n/10.95 https : / / venturebeat . com / 2019 / 12 / 11 / risc-[]v-[]grows-[]globally-[]as-[]an-[]alternative-[]to-[]arm-[]and-[]its-[]license-[]fees/$\OT1/cmr/m/n/10.95 ,
 []


/home/cambou/unsw/thesis/unsw-honours-thesis/thesis-a/report/report-a.bbl:227: LaTeX Error: Lonely \item--perhaps a missing list environment.

See the LaTeX manual or LaTeX Companion for explanation.
Type  H <return>  for immediate help.
 ...                                              
                                                  
l.227 \bibitem{ArticleEmbeddedTwoPercSol}
                                         
Try typing  <return>  to proceed.
If that doesn't work, type  X <return>  to quit.


Underfull \hbox (badness 10000) detected at line 227
[][]
 []

/home/cambou/unsw/thesis/unsw-honours-thesis/thesis-a/report/report-a.bbl:227: Undefined control sequence.
<argument> \@listctr 
                     
l.227 \bibitem{ArticleEmbeddedTwoPercSol}
                                         
The control sequence at the end of the top line
of your error message was never \def'ed. If you have
misspelled it (e.g., `\hobx'), type `I' and the correct
spelling (e.g., `I\hbox'). Otherwise just continue,
and I'll forget about whatever was undefined.

/home/cambou/unsw/thesis/unsw-honours-thesis/thesis-a/report/report-a.bbl:227: You can't use `\relax' after \the.
<recently read> \c@ 
                    
l.227 \bibitem{ArticleEmbeddedTwoPercSol}
                                         
I'm forgetting what you said and using zero instead.

\bibcite{ArticleEmbeddedTwoPercSol}{0}

Overfull \hbox (56.19687pt too wide) in paragraph at lines 228--232
[]\OT1/cmr/m/n/10.95 Jim Tur-ley.  The two per-cent so-lu-tion.  $\OT1/cmtt/m/n/10.95 https : / / www . embedded . com / the-[]two-[]percent-[]solution$\OT1/cmr/m/n/10.95 ,
 []


/home/cambou/unsw/thesis/unsw-honours-thesis/thesis-a/report/report-a.bbl:233: LaTeX Error: Lonely \item--perhaps a missing list environment.

See the LaTeX manual or LaTeX Companion for explanation.
Type  H <return>  for immediate help.
 ...                                              
                                                  
l.233 \bibitem{DocsUnofficialLinxPerfEvents}
                                            
Try typing  <return>  to proceed.
If that doesn't work, type  X <return>  to quit.


Underfull \hbox (badness 10000) detected at line 233
[][]
 []

/home/cambou/unsw/thesis/unsw-honours-thesis/thesis-a/report/report-a.bbl:233: Undefined control sequence.
<argument> \@listctr 
                     
l.233 \bibitem{DocsUnofficialLinxPerfEvents}
                                            
The control sequence at the end of the top line
of your error message was never \def'ed. If you have
misspelled it (e.g., `\hobx'), type `I' and the correct
spelling (e.g., `I\hbox'). Otherwise just continue,
and I'll forget about whatever was undefined.

/home/cambou/unsw/thesis/unsw-honours-thesis/thesis-a/report/report-a.bbl:233: You can't use `\relax' after \the.
<recently read> \c@ 
                    
l.233 \bibitem{DocsUnofficialLinxPerfEvents}
                                            
I'm forgetting what you said and using zero instead.

\bibcite{DocsUnofficialLinxPerfEvents}{0}

/home/cambou/unsw/thesis/unsw-honours-thesis/thesis-a/report/report-a.bbl:239: LaTeX Error: \begin{document} ended by \end{thebibliography}.

See the LaTeX manual or LaTeX Companion for explanation.
Type  H <return>  for immediate help.
 ...                                              
                                                  
l.239 \end{thebibliography}
                           
Your command was ignored.
Type  I <command> <return>  to replace it with another command,
or  <return>  to continue without it.

/home/cambou/unsw/thesis/unsw-honours-thesis/thesis-a/report/report-a.bbl:239: Extra \endgroup.
<recently read> \endgroup 
                          
l.239 \end{thebibliography}
                           
Things are pretty mixed up, but I think the worst is over.

) [35] (/home/cambou/unsw/thesis/unsw-honours-thesis/thesis-a/report/report-a.aux (/home/cambou/unsw/thesis/unsw-honours-thesis/thesis-a/report/acknowledgements.aux) (/home/cambou/unsw/thesis/unsw-honours-thesis/thesis-a/report/introduction.aux) (/home/cambou/unsw/thesis/unsw-honours-thesis/thesis-a/report/background.aux) (/home/cambou/unsw/thesis/unsw-honours-thesis/thesis-a/report/relatedwork.aux) (/home/cambou/unsw/thesis/unsw-honours-thesis/thesis-a/report/approach.aux) (/home/cambou/unsw/thesis/unsw-honours-thesis/thesis-a/report/plan.aux))

LaTeX Warning: There were undefined references.


LaTeX Warning: Label(s) may have changed. Rerun to get cross-references right.

runsystem(rm report-a.pyg)...executed.

 ) 
Here is how much of TeX's memory you used:
 8995 strings out of 481239
 159036 string characters out of 5920377
 456117 words of memory out of 5000000
 24045 multiletter control sequences out of 15000+600000
 546530 words of font info for 57 fonts, out of 8000000 for 9000
 1141 hyphenation exceptions out of 8191
 41i,14n,49p,977b,545s stack positions out of 5000i,500n,10000p,200000b,80000s
{/usr/share/texmf/fonts/enc/dvips/cm-super/cm-super-ts1.enc}{/usr/share/texlive/texmf-dist/fonts/enc/dvips/base/8r.enc}</usr/share/texlive/texmf-dist/fonts/type1/public/amsfonts/cm/cmbx10.pfb></usr/share/texlive/texmf-dist/fonts/type1/public/amsfonts/cm/cmbx12.pfb></usr/share/texlive/texmf-dist/fonts/type1/public/amsfonts/cm/cmitt10.pfb></usr/share/texlive/texmf-dist/fonts/type1/public/amsfonts/cm/cmmi10.pfb></usr/share/texlive/texmf-dist/fonts/type1/public/amsfonts/cm/cmmi8.pfb></usr/share/texlive/texmf-dist/fonts/type1/public/amsfonts/cm/cmr10.pfb></usr/share/texlive/texmf-dist/fonts/type1/public/amsfonts/cm/cmr8.pfb></usr/share/texlive/texmf-dist/fonts/type1/public/amsfonts/cm/cmsy10.pfb></usr/share/texlive/texmf-dist/fonts/type1/public/amsfonts/cm/cmti10.pfb></usr/share/texlive/texmf-dist/fonts/type1/public/amsfonts/cm/cmtt10.pfb></usr/share/texmf/fonts/type1/public/cm-super/sfrm1095.pfb></usr/share/texlive/texmf-dist/fonts/type1/urw/helvetic/uhvb8a.pfb></usr/share/texlive/texmf-dist/fonts/type1/urw/helvetic/uhvr8a.pfb>
Output written on /home/cambou/unsw/thesis/unsw-honours-thesis/thesis-a/report/report-a.pdf (41 pages, 974539 bytes).
PDF statistics:
 247 PDF objects out of 1000 (max. 8388607)
 166 compressed objects within 2 object streams
 0 named destinations out of 1000 (max. 500000)
 41 words of extra memory for PDF output out of 10000 (max. 10000000)

